[2024-10-15T09:54:28.766+0000] {local_task_job_runner.py:123} INFO - ::group::Pre task execution logs
[2024-10-15T09:54:28.804+0000] {taskinstance.py:2612} INFO - Dependencies all met for dep_context=non-requeueable deps ti=<TaskInstance: news_scraping_pipeline.scrape_task manual__2024-10-15T09:50:42.402718+00:00 [queued]>
[2024-10-15T09:54:28.826+0000] {taskinstance.py:2612} INFO - Dependencies all met for dep_context=requeueable deps ti=<TaskInstance: news_scraping_pipeline.scrape_task manual__2024-10-15T09:50:42.402718+00:00 [queued]>
[2024-10-15T09:54:28.828+0000] {taskinstance.py:2865} INFO - Starting attempt 1 of 2
[2024-10-15T09:54:28.862+0000] {taskinstance.py:2888} INFO - Executing <Task(PythonOperator): scrape_task> on 2024-10-15 09:50:42.402718+00:00
[2024-10-15T09:54:28.882+0000] {warnings.py:112} WARNING - /home/***/.local/lib/python3.12/site-packages/***/task/task_runner/standard_task_runner.py:70: DeprecationWarning: This process (pid=179) is multi-threaded, use of fork() may lead to deadlocks in the child.
  pid = os.fork()

[2024-10-15T09:54:28.890+0000] {standard_task_runner.py:72} INFO - Started process 188 to run task
[2024-10-15T09:54:28.890+0000] {standard_task_runner.py:104} INFO - Running: ['***', 'tasks', 'run', 'news_scraping_pipeline', 'scrape_task', 'manual__2024-10-15T09:50:42.402718+00:00', '--job-id', '15', '--raw', '--subdir', 'DAGS_FOLDER/news_scraping_pipeline.py', '--cfg-path', '/tmp/tmpler_4q18']
[2024-10-15T09:54:28.895+0000] {standard_task_runner.py:105} INFO - Job 15: Subtask scrape_task
[2024-10-15T09:54:29.094+0000] {task_command.py:467} INFO - Running <TaskInstance: news_scraping_pipeline.scrape_task manual__2024-10-15T09:50:42.402718+00:00 [running]> on host 901951bad31a
[2024-10-15T09:54:29.676+0000] {taskinstance.py:3131} INFO - Exporting env vars: AIRFLOW_CTX_DAG_OWNER='***' AIRFLOW_CTX_DAG_ID='news_scraping_pipeline' AIRFLOW_CTX_TASK_ID='scrape_task' AIRFLOW_CTX_EXECUTION_DATE='2024-10-15T09:50:42.402718+00:00' AIRFLOW_CTX_TRY_NUMBER='1' AIRFLOW_CTX_DAG_RUN_ID='manual__2024-10-15T09:50:42.402718+00:00'
[2024-10-15T09:54:29.683+0000] {logging_mixin.py:190} INFO - Task instance is in running state
[2024-10-15T09:54:29.693+0000] {logging_mixin.py:190} INFO -  Previous state of the Task instance: queued
[2024-10-15T09:54:29.703+0000] {logging_mixin.py:190} INFO - Current task name:scrape_task state:running start_date:2024-10-15 09:54:28.804864+00:00
[2024-10-15T09:54:29.719+0000] {logging_mixin.py:190} INFO - Dag name:news_scraping_pipeline and current dag run status:running
[2024-10-15T09:54:29.720+0000] {taskinstance.py:731} INFO - ::endgroup::
[2024-10-15T09:54:29.730+0000] {logging_mixin.py:190} INFO - Scraping news articles...
[2024-10-15T09:54:29.731+0000] {python.py:240} INFO - Done. Returned value was: None
[2024-10-15T09:54:29.781+0000] {taskinstance.py:340} INFO - ::group::Post task execution logs
[2024-10-15T09:54:29.782+0000] {taskinstance.py:352} INFO - Marking task as SUCCESS. dag_id=news_scraping_pipeline, task_id=scrape_task, run_id=manual__2024-10-15T09:50:42.402718+00:00, execution_date=20241015T095042, start_date=20241015T095428, end_date=20241015T095429
[2024-10-15T09:54:29.844+0000] {logging_mixin.py:190} INFO - Task instance in success state
[2024-10-15T09:54:29.849+0000] {logging_mixin.py:190} INFO -  Previous state of the Task instance: running
[2024-10-15T09:54:29.854+0000] {logging_mixin.py:190} INFO - Dag name:news_scraping_pipeline queued_at:2024-10-15 09:50:42.478006+00:00
[2024-10-15T09:54:29.856+0000] {logging_mixin.py:190} INFO - Task hostname:901951bad31a operator:PythonOperator
[2024-10-15T09:54:29.899+0000] {local_task_job_runner.py:266} INFO - Task exited with return code 0
[2024-10-15T09:54:29.971+0000] {taskinstance.py:3900} INFO - 0 downstream tasks scheduled from follow-on schedule check
[2024-10-15T09:54:29.976+0000] {local_task_job_runner.py:245} INFO - ::endgroup::
