[2024-10-15T11:40:16.037+0000] {local_task_job_runner.py:123} INFO - ::group::Pre task execution logs
[2024-10-15T11:40:16.074+0000] {taskinstance.py:2612} INFO - Dependencies all met for dep_context=non-requeueable deps ti=<TaskInstance: news_scraping_pipeline.store_results_task manual__2024-10-15T11:39:28.380460+00:00 [queued]>
[2024-10-15T11:40:16.103+0000] {taskinstance.py:2612} INFO - Dependencies all met for dep_context=requeueable deps ti=<TaskInstance: news_scraping_pipeline.store_results_task manual__2024-10-15T11:39:28.380460+00:00 [queued]>
[2024-10-15T11:40:16.104+0000] {taskinstance.py:2865} INFO - Starting attempt 1 of 2
[2024-10-15T11:40:16.138+0000] {taskinstance.py:2888} INFO - Executing <Task(PythonOperator): store_results_task> on 2024-10-15 11:39:28.380460+00:00
[2024-10-15T11:40:16.151+0000] {warnings.py:112} WARNING - /home/***/.local/lib/python3.12/site-packages/***/task/task_runner/standard_task_runner.py:70: DeprecationWarning: This process (pid=287) is multi-threaded, use of fork() may lead to deadlocks in the child.
  pid = os.fork()

[2024-10-15T11:40:16.164+0000] {standard_task_runner.py:72} INFO - Started process 289 to run task
[2024-10-15T11:40:16.162+0000] {standard_task_runner.py:104} INFO - Running: ['***', 'tasks', 'run', 'news_scraping_pipeline', 'store_results_task', 'manual__2024-10-15T11:39:28.380460+00:00', '--job-id', '34', '--raw', '--subdir', 'DAGS_FOLDER/news_scraping_pipeline.py', '--cfg-path', '/tmp/tmpzg_ecup2']
[2024-10-15T11:40:16.167+0000] {standard_task_runner.py:105} INFO - Job 34: Subtask store_results_task
[2024-10-15T11:40:16.281+0000] {task_command.py:467} INFO - Running <TaskInstance: news_scraping_pipeline.store_results_task manual__2024-10-15T11:39:28.380460+00:00 [running]> on host fc72558e83d6
[2024-10-15T11:40:16.629+0000] {taskinstance.py:3131} INFO - Exporting env vars: AIRFLOW_CTX_DAG_OWNER='***' AIRFLOW_CTX_DAG_ID='news_scraping_pipeline' AIRFLOW_CTX_TASK_ID='store_results_task' AIRFLOW_CTX_EXECUTION_DATE='2024-10-15T11:39:28.380460+00:00' AIRFLOW_CTX_TRY_NUMBER='1' AIRFLOW_CTX_DAG_RUN_ID='manual__2024-10-15T11:39:28.380460+00:00'
[2024-10-15T11:40:16.639+0000] {logging_mixin.py:190} INFO - Task instance is in running state
[2024-10-15T11:40:16.646+0000] {logging_mixin.py:190} INFO -  Previous state of the Task instance: queued
[2024-10-15T11:40:16.648+0000] {logging_mixin.py:190} INFO - Current task name:store_results_task state:running start_date:2024-10-15 11:40:16.075247+00:00
[2024-10-15T11:40:16.649+0000] {logging_mixin.py:190} INFO - Dag name:news_scraping_pipeline and current dag run status:running
[2024-10-15T11:40:16.653+0000] {taskinstance.py:731} INFO - ::endgroup::
[2024-10-15T11:40:16.729+0000] {logging_mixin.py:190} INFO - Stored 2 articles in the database.
[2024-10-15T11:40:16.732+0000] {python.py:240} INFO - Done. Returned value was: None
[2024-10-15T11:40:16.769+0000] {taskinstance.py:340} INFO - ::group::Post task execution logs
[2024-10-15T11:40:16.771+0000] {taskinstance.py:352} INFO - Marking task as SUCCESS. dag_id=news_scraping_pipeline, task_id=store_results_task, run_id=manual__2024-10-15T11:39:28.380460+00:00, execution_date=20241015T113928, start_date=20241015T114016, end_date=20241015T114016
[2024-10-15T11:40:16.804+0000] {logging_mixin.py:190} INFO - Task instance in success state
[2024-10-15T11:40:16.806+0000] {logging_mixin.py:190} INFO -  Previous state of the Task instance: running
[2024-10-15T11:40:16.807+0000] {logging_mixin.py:190} INFO - Dag name:news_scraping_pipeline queued_at:2024-10-15 11:39:28.573726+00:00
[2024-10-15T11:40:16.808+0000] {logging_mixin.py:190} INFO - Task hostname:fc72558e83d6 operator:PythonOperator
[2024-10-15T11:40:16.873+0000] {local_task_job_runner.py:266} INFO - Task exited with return code 0
[2024-10-15T11:40:16.916+0000] {taskinstance.py:3900} INFO - 0 downstream tasks scheduled from follow-on schedule check
[2024-10-15T11:40:16.920+0000] {local_task_job_runner.py:245} INFO - ::endgroup::
