[2024-10-15T10:17:08.246+0000] {local_task_job_runner.py:123} INFO - ::group::Pre task execution logs
[2024-10-15T10:17:08.313+0000] {taskinstance.py:2612} INFO - Dependencies all met for dep_context=non-requeueable deps ti=<TaskInstance: news_scraping_pipeline.sentiment_analysis_task manual__2024-10-15T10:16:42.929774+00:00 [queued]>
[2024-10-15T10:17:08.355+0000] {taskinstance.py:2612} INFO - Dependencies all met for dep_context=requeueable deps ti=<TaskInstance: news_scraping_pipeline.sentiment_analysis_task manual__2024-10-15T10:16:42.929774+00:00 [queued]>
[2024-10-15T10:17:08.364+0000] {taskinstance.py:2865} INFO - Starting attempt 1 of 2
[2024-10-15T10:17:08.440+0000] {taskinstance.py:2888} INFO - Executing <Task(PythonOperator): sentiment_analysis_task> on 2024-10-15 10:16:42.929774+00:00
[2024-10-15T10:17:08.462+0000] {warnings.py:112} WARNING - /home/***/.local/lib/python3.12/site-packages/***/task/task_runner/standard_task_runner.py:70: DeprecationWarning: This process (pid=258) is multi-threaded, use of fork() may lead to deadlocks in the child.
  pid = os.fork()

[2024-10-15T10:17:08.472+0000] {standard_task_runner.py:72} INFO - Started process 260 to run task
[2024-10-15T10:17:08.470+0000] {standard_task_runner.py:104} INFO - Running: ['***', 'tasks', 'run', 'news_scraping_pipeline', 'sentiment_analysis_task', 'manual__2024-10-15T10:16:42.929774+00:00', '--job-id', '23', '--raw', '--subdir', 'DAGS_FOLDER/news_scraping_pipeline.py', '--cfg-path', '/tmp/tmpi9rtchwb']
[2024-10-15T10:17:08.479+0000] {standard_task_runner.py:105} INFO - Job 23: Subtask sentiment_analysis_task
[2024-10-15T10:17:08.646+0000] {task_command.py:467} INFO - Running <TaskInstance: news_scraping_pipeline.sentiment_analysis_task manual__2024-10-15T10:16:42.929774+00:00 [running]> on host 901951bad31a
[2024-10-15T10:17:08.935+0000] {taskinstance.py:3131} INFO - Exporting env vars: AIRFLOW_CTX_DAG_OWNER='***' AIRFLOW_CTX_DAG_ID='news_scraping_pipeline' AIRFLOW_CTX_TASK_ID='sentiment_analysis_task' AIRFLOW_CTX_EXECUTION_DATE='2024-10-15T10:16:42.929774+00:00' AIRFLOW_CTX_TRY_NUMBER='1' AIRFLOW_CTX_DAG_RUN_ID='manual__2024-10-15T10:16:42.929774+00:00'
[2024-10-15T10:17:08.937+0000] {logging_mixin.py:190} INFO - Task instance is in running state
[2024-10-15T10:17:08.938+0000] {logging_mixin.py:190} INFO -  Previous state of the Task instance: queued
[2024-10-15T10:17:08.939+0000] {logging_mixin.py:190} INFO - Current task name:sentiment_analysis_task state:running start_date:2024-10-15 10:17:08.317138+00:00
[2024-10-15T10:17:08.940+0000] {logging_mixin.py:190} INFO - Dag name:news_scraping_pipeline and current dag run status:running
[2024-10-15T10:17:08.941+0000] {taskinstance.py:731} INFO - ::endgroup::
[2024-10-15T10:17:08.977+0000] {logging_mixin.py:190} INFO - Sentiment analysis completed for 2 articles
[2024-10-15T10:17:08.983+0000] {python.py:240} INFO - Done. Returned value was: [{'title': 'Article 1', 'link': 'link1', 'sentiment_score': 0.23}, {'title': 'Article 2', 'link': 'link2', 'sentiment_score': 0.35}]
[2024-10-15T10:17:09.079+0000] {taskinstance.py:340} INFO - ::group::Post task execution logs
[2024-10-15T10:17:09.084+0000] {taskinstance.py:352} INFO - Marking task as SUCCESS. dag_id=news_scraping_pipeline, task_id=sentiment_analysis_task, run_id=manual__2024-10-15T10:16:42.929774+00:00, execution_date=20241015T101642, start_date=20241015T101708, end_date=20241015T101709
[2024-10-15T10:17:09.140+0000] {logging_mixin.py:190} INFO - Task instance in success state
[2024-10-15T10:17:09.145+0000] {logging_mixin.py:190} INFO -  Previous state of the Task instance: running
[2024-10-15T10:17:09.146+0000] {logging_mixin.py:190} INFO - Dag name:news_scraping_pipeline queued_at:2024-10-15 10:16:42.972142+00:00
[2024-10-15T10:17:09.146+0000] {logging_mixin.py:190} INFO - Task hostname:901951bad31a operator:PythonOperator
[2024-10-15T10:17:09.196+0000] {local_task_job_runner.py:266} INFO - Task exited with return code 0
[2024-10-15T10:17:09.273+0000] {taskinstance.py:3900} INFO - 0 downstream tasks scheduled from follow-on schedule check
[2024-10-15T10:17:09.306+0000] {local_task_job_runner.py:245} INFO - ::endgroup::
