[2024-10-15T11:41:59.978+0000] {local_task_job_runner.py:123} INFO - ::group::Pre task execution logs
[2024-10-15T11:42:00.023+0000] {taskinstance.py:2612} INFO - Dependencies all met for dep_context=non-requeueable deps ti=<TaskInstance: news_scraping_pipeline.sentiment_analysis_task manual__2024-10-15T11:41:34.246179+00:00 [queued]>
[2024-10-15T11:42:00.043+0000] {taskinstance.py:2612} INFO - Dependencies all met for dep_context=requeueable deps ti=<TaskInstance: news_scraping_pipeline.sentiment_analysis_task manual__2024-10-15T11:41:34.246179+00:00 [queued]>
[2024-10-15T11:42:00.044+0000] {taskinstance.py:2865} INFO - Starting attempt 1 of 2
[2024-10-15T11:42:00.074+0000] {taskinstance.py:2888} INFO - Executing <Task(PythonOperator): sentiment_analysis_task> on 2024-10-15 11:41:34.246179+00:00
[2024-10-15T11:42:00.093+0000] {warnings.py:112} WARNING - /home/***/.local/lib/python3.12/site-packages/***/task/task_runner/standard_task_runner.py:70: DeprecationWarning: This process (pid=320) is multi-threaded, use of fork() may lead to deadlocks in the child.
  pid = os.fork()

[2024-10-15T11:42:00.097+0000] {standard_task_runner.py:104} INFO - Running: ['***', 'tasks', 'run', 'news_scraping_pipeline', 'sentiment_analysis_task', 'manual__2024-10-15T11:41:34.246179+00:00', '--job-id', '37', '--raw', '--subdir', 'DAGS_FOLDER/news_scraping_pipeline.py', '--cfg-path', '/tmp/tmpmv2phwfl']
[2024-10-15T11:42:00.106+0000] {standard_task_runner.py:105} INFO - Job 37: Subtask sentiment_analysis_task
[2024-10-15T11:42:00.106+0000] {standard_task_runner.py:72} INFO - Started process 322 to run task
[2024-10-15T11:42:00.376+0000] {task_command.py:467} INFO - Running <TaskInstance: news_scraping_pipeline.sentiment_analysis_task manual__2024-10-15T11:41:34.246179+00:00 [running]> on host fc72558e83d6
[2024-10-15T11:42:00.738+0000] {taskinstance.py:3131} INFO - Exporting env vars: AIRFLOW_CTX_DAG_OWNER='***' AIRFLOW_CTX_DAG_ID='news_scraping_pipeline' AIRFLOW_CTX_TASK_ID='sentiment_analysis_task' AIRFLOW_CTX_EXECUTION_DATE='2024-10-15T11:41:34.246179+00:00' AIRFLOW_CTX_TRY_NUMBER='1' AIRFLOW_CTX_DAG_RUN_ID='manual__2024-10-15T11:41:34.246179+00:00'
[2024-10-15T11:42:00.741+0000] {logging_mixin.py:190} INFO - Task instance is in running state
[2024-10-15T11:42:00.756+0000] {logging_mixin.py:190} INFO -  Previous state of the Task instance: queued
[2024-10-15T11:42:00.764+0000] {logging_mixin.py:190} INFO - Current task name:sentiment_analysis_task state:running start_date:2024-10-15 11:42:00.024685+00:00
[2024-10-15T11:42:00.775+0000] {logging_mixin.py:190} INFO - Dag name:news_scraping_pipeline and current dag run status:running
[2024-10-15T11:42:00.785+0000] {taskinstance.py:731} INFO - ::endgroup::
[2024-10-15T11:42:00.880+0000] {logging_mixin.py:190} INFO - Sentiment analysis completed for 2 articles
[2024-10-15T11:42:00.890+0000] {python.py:240} INFO - Done. Returned value was: [{'title': 'Article 1', 'link': 'link1', 'sentiment_score': 0.97}, {'title': 'Article 2', 'link': 'link2', 'sentiment_score': 0.62}]
[2024-10-15T11:42:01.087+0000] {taskinstance.py:340} INFO - ::group::Post task execution logs
[2024-10-15T11:42:01.088+0000] {taskinstance.py:352} INFO - Marking task as SUCCESS. dag_id=news_scraping_pipeline, task_id=sentiment_analysis_task, run_id=manual__2024-10-15T11:41:34.246179+00:00, execution_date=20241015T114134, start_date=20241015T114200, end_date=20241015T114201
[2024-10-15T11:42:01.138+0000] {logging_mixin.py:190} INFO - Task instance in success state
[2024-10-15T11:42:01.139+0000] {logging_mixin.py:190} INFO -  Previous state of the Task instance: running
[2024-10-15T11:42:01.147+0000] {logging_mixin.py:190} INFO - Dag name:news_scraping_pipeline queued_at:2024-10-15 11:41:34.415422+00:00
[2024-10-15T11:42:01.148+0000] {logging_mixin.py:190} INFO - Task hostname:fc72558e83d6 operator:PythonOperator
[2024-10-15T11:42:01.211+0000] {local_task_job_runner.py:266} INFO - Task exited with return code 0
[2024-10-15T11:42:01.303+0000] {taskinstance.py:3900} INFO - 1 downstream tasks scheduled from follow-on schedule check
[2024-10-15T11:42:01.322+0000] {local_task_job_runner.py:245} INFO - ::endgroup::
