[2024-10-15T14:03:29.024+0000] {local_task_job_runner.py:123} INFO - ::group::Pre task execution logs
[2024-10-15T14:03:29.047+0000] {taskinstance.py:2612} INFO - Dependencies all met for dep_context=non-requeueable deps ti=<TaskInstance: news_scraping_pipeline.sentiment_analysis_task manual__2024-10-15T14:02:58.840287+00:00 [queued]>
[2024-10-15T14:03:29.058+0000] {taskinstance.py:2612} INFO - Dependencies all met for dep_context=requeueable deps ti=<TaskInstance: news_scraping_pipeline.sentiment_analysis_task manual__2024-10-15T14:02:58.840287+00:00 [queued]>
[2024-10-15T14:03:29.059+0000] {taskinstance.py:2865} INFO - Starting attempt 1 of 2
[2024-10-15T14:03:29.080+0000] {taskinstance.py:2888} INFO - Executing <Task(PythonOperator): sentiment_analysis_task> on 2024-10-15 14:02:58.840287+00:00
[2024-10-15T14:03:29.091+0000] {warnings.py:112} WARNING - /home/***/.local/lib/python3.12/site-packages/***/task/task_runner/standard_task_runner.py:70: DeprecationWarning: This process (pid=791) is multi-threaded, use of fork() may lead to deadlocks in the child.
  pid = os.fork()

[2024-10-15T14:03:29.094+0000] {standard_task_runner.py:72} INFO - Started process 793 to run task
[2024-10-15T14:03:29.095+0000] {standard_task_runner.py:104} INFO - Running: ['***', 'tasks', 'run', 'news_scraping_pipeline', 'sentiment_analysis_task', 'manual__2024-10-15T14:02:58.840287+00:00', '--job-id', '63', '--raw', '--subdir', 'DAGS_FOLDER/news_scraping_pipeline.py', '--cfg-path', '/tmp/tmpbj2gz0qm']
[2024-10-15T14:03:29.097+0000] {standard_task_runner.py:105} INFO - Job 63: Subtask sentiment_analysis_task
[2024-10-15T14:03:29.167+0000] {task_command.py:467} INFO - Running <TaskInstance: news_scraping_pipeline.sentiment_analysis_task manual__2024-10-15T14:02:58.840287+00:00 [running]> on host 81639b321f8c
[2024-10-15T14:03:29.268+0000] {taskinstance.py:3131} INFO - Exporting env vars: AIRFLOW_CTX_DAG_OWNER='***' AIRFLOW_CTX_DAG_ID='news_scraping_pipeline' AIRFLOW_CTX_TASK_ID='sentiment_analysis_task' AIRFLOW_CTX_EXECUTION_DATE='2024-10-15T14:02:58.840287+00:00' AIRFLOW_CTX_TRY_NUMBER='1' AIRFLOW_CTX_DAG_RUN_ID='manual__2024-10-15T14:02:58.840287+00:00'
[2024-10-15T14:03:29.269+0000] {logging_mixin.py:190} INFO - Task instance is in running state
[2024-10-15T14:03:29.270+0000] {logging_mixin.py:190} INFO -  Previous state of the Task instance: queued
[2024-10-15T14:03:29.271+0000] {logging_mixin.py:190} INFO - Current task name:sentiment_analysis_task state:running start_date:2024-10-15 14:03:29.047723+00:00
[2024-10-15T14:03:29.271+0000] {logging_mixin.py:190} INFO - Dag name:news_scraping_pipeline and current dag run status:running
[2024-10-15T14:03:29.272+0000] {taskinstance.py:731} INFO - ::endgroup::
[2024-10-15T14:03:29.285+0000] {logging_mixin.py:190} INFO - Sentiment analysis completed for 5 articles
[2024-10-15T14:03:29.286+0000] {python.py:240} INFO - Done. Returned value was: [{'title': "\nHollywood and Bollywood's carbon footprint problem!\n", 'link': '/archive/hollywood-bollywood-carbon-footprint-emission-pollution-climate-change-problem-film-industry/', 'sentiment_score': 0.2}, {'title': '\nThe problem with AP’s new liquor policy\n', 'link': '/archive/the-problem-with-andhra-pradesh-new-liquor-policy/', 'sentiment_score': 0.83}, {'title': '\nA slightly different Sunny Side Up edition\n', 'link': '/archive/a-slightly-different-sunny-side-up-edition-hyundai-ipo-gmp/', 'sentiment_score': 0.31}, {'title': "\nWhat's up with AI and the 2024 Physics Nobel Prize?\n", 'link': '/archive/whats-up-with-ai-and-the-2024-physics-nobel-prize/', 'sentiment_score': 0.54}, {'title': '\n🎯 Finshots Money Milestones #4\u200a—\u200aChasing FIRE\n', 'link': '/archive/finshots-money-milestones-4-chasing-fire/', 'sentiment_score': 0.94}]
[2024-10-15T14:03:29.313+0000] {taskinstance.py:340} INFO - ::group::Post task execution logs
[2024-10-15T14:03:29.314+0000] {taskinstance.py:352} INFO - Marking task as SUCCESS. dag_id=news_scraping_pipeline, task_id=sentiment_analysis_task, run_id=manual__2024-10-15T14:02:58.840287+00:00, execution_date=20241015T140258, start_date=20241015T140329, end_date=20241015T140329
[2024-10-15T14:03:29.325+0000] {logging_mixin.py:190} INFO - Task instance in success state
[2024-10-15T14:03:29.325+0000] {logging_mixin.py:190} INFO -  Previous state of the Task instance: running
[2024-10-15T14:03:29.326+0000] {logging_mixin.py:190} INFO - Dag name:news_scraping_pipeline queued_at:2024-10-15 14:02:59.234949+00:00
[2024-10-15T14:03:29.327+0000] {logging_mixin.py:190} INFO - Task hostname:81639b321f8c operator:PythonOperator
[2024-10-15T14:03:29.351+0000] {local_task_job_runner.py:266} INFO - Task exited with return code 0
[2024-10-15T14:03:29.378+0000] {taskinstance.py:3900} INFO - 1 downstream tasks scheduled from follow-on schedule check
[2024-10-15T14:03:29.381+0000] {local_task_job_runner.py:245} INFO - ::endgroup::
