[2024-10-15T13:27:50.016+0000] {local_task_job_runner.py:123} INFO - ::group::Pre task execution logs
[2024-10-15T13:27:50.045+0000] {taskinstance.py:2612} INFO - Dependencies all met for dep_context=non-requeueable deps ti=<TaskInstance: news_scraping_pipeline.sentiment_analysis_task manual__2024-10-15T13:17:44.023080+00:00 [queued]>
[2024-10-15T13:27:50.058+0000] {taskinstance.py:2612} INFO - Dependencies all met for dep_context=requeueable deps ti=<TaskInstance: news_scraping_pipeline.sentiment_analysis_task manual__2024-10-15T13:17:44.023080+00:00 [queued]>
[2024-10-15T13:27:50.059+0000] {taskinstance.py:2865} INFO - Starting attempt 2 of 2
[2024-10-15T13:27:50.083+0000] {taskinstance.py:2888} INFO - Executing <Task(PythonOperator): sentiment_analysis_task> on 2024-10-15 13:17:44.023080+00:00
[2024-10-15T13:27:50.098+0000] {warnings.py:112} WARNING - /home/***/.local/lib/python3.12/site-packages/***/task/task_runner/standard_task_runner.py:70: DeprecationWarning: This process (pid=634) is multi-threaded, use of fork() may lead to deadlocks in the child.
  pid = os.fork()

[2024-10-15T13:27:50.101+0000] {standard_task_runner.py:72} INFO - Started process 636 to run task
[2024-10-15T13:27:50.103+0000] {standard_task_runner.py:104} INFO - Running: ['***', 'tasks', 'run', 'news_scraping_pipeline', 'sentiment_analysis_task', 'manual__2024-10-15T13:17:44.023080+00:00', '--job-id', '58', '--raw', '--subdir', 'DAGS_FOLDER/news_scraping_pipeline.py', '--cfg-path', '/tmp/tmp3u4pzm5y']
[2024-10-15T13:27:50.106+0000] {standard_task_runner.py:105} INFO - Job 58: Subtask sentiment_analysis_task
[2024-10-15T13:27:50.210+0000] {task_command.py:467} INFO - Running <TaskInstance: news_scraping_pipeline.sentiment_analysis_task manual__2024-10-15T13:17:44.023080+00:00 [running]> on host 81639b321f8c
[2024-10-15T13:27:50.619+0000] {taskinstance.py:3131} INFO - Exporting env vars: AIRFLOW_CTX_DAG_OWNER='***' AIRFLOW_CTX_DAG_ID='news_scraping_pipeline' AIRFLOW_CTX_TASK_ID='sentiment_analysis_task' AIRFLOW_CTX_EXECUTION_DATE='2024-10-15T13:17:44.023080+00:00' AIRFLOW_CTX_TRY_NUMBER='2' AIRFLOW_CTX_DAG_RUN_ID='manual__2024-10-15T13:17:44.023080+00:00'
[2024-10-15T13:27:50.711+0000] {logging_mixin.py:190} INFO - Task instance is in running state
[2024-10-15T13:27:50.727+0000] {logging_mixin.py:190} INFO -  Previous state of the Task instance: queued
[2024-10-15T13:27:50.760+0000] {logging_mixin.py:190} INFO - Current task name:sentiment_analysis_task state:running start_date:2024-10-15 13:27:50.046643+00:00
[2024-10-15T13:27:50.774+0000] {logging_mixin.py:190} INFO - Dag name:news_scraping_pipeline and current dag run status:running
[2024-10-15T13:27:50.789+0000] {taskinstance.py:731} INFO - ::endgroup::
[2024-10-15T13:27:50.822+0000] {logging_mixin.py:190} INFO - Sentiment analysis completed for 5 articles
[2024-10-15T13:27:50.836+0000] {python.py:240} INFO - Done. Returned value was: [{'title': "\nHollywood and Bollywood's carbon footprint problem!\n", 'link': '/archive/hollywood-bollywood-carbon-footprint-emission-pollution-climate-change-problem-film-industry/', 'sentiment_score': 0.42}, {'title': '\nThe problem with AP’s new liquor policy\n', 'link': '/archive/the-problem-with-andhra-pradesh-new-liquor-policy/', 'sentiment_score': 0.59}, {'title': '\nA slightly different Sunny Side Up edition\n', 'link': '/archive/a-slightly-different-sunny-side-up-edition-hyundai-ipo-gmp/', 'sentiment_score': 0.06}, {'title': "\nWhat's up with AI and the 2024 Physics Nobel Prize?\n", 'link': '/archive/whats-up-with-ai-and-the-2024-physics-nobel-prize/', 'sentiment_score': 0.63}, {'title': '\n🎯 Finshots Money Milestones #4\u200a—\u200aChasing FIRE\n', 'link': '/archive/finshots-money-milestones-4-chasing-fire/', 'sentiment_score': 0.0}]
[2024-10-15T13:27:51.019+0000] {taskinstance.py:340} INFO - ::group::Post task execution logs
[2024-10-15T13:27:51.041+0000] {taskinstance.py:352} INFO - Marking task as SUCCESS. dag_id=news_scraping_pipeline, task_id=sentiment_analysis_task, run_id=manual__2024-10-15T13:17:44.023080+00:00, execution_date=20241015T131744, start_date=20241015T132750, end_date=20241015T132751
[2024-10-15T13:27:51.107+0000] {logging_mixin.py:190} INFO - Task instance in success state
[2024-10-15T13:27:51.124+0000] {logging_mixin.py:190} INFO -  Previous state of the Task instance: running
[2024-10-15T13:27:51.140+0000] {logging_mixin.py:190} INFO - Dag name:news_scraping_pipeline queued_at:2024-10-15 13:17:44.040050+00:00
[2024-10-15T13:27:51.153+0000] {logging_mixin.py:190} INFO - Task hostname:81639b321f8c operator:PythonOperator
[2024-10-15T13:27:51.235+0000] {local_task_job_runner.py:266} INFO - Task exited with return code 0
[2024-10-15T13:27:51.350+0000] {taskinstance.py:3900} INFO - 1 downstream tasks scheduled from follow-on schedule check
[2024-10-15T13:27:51.358+0000] {local_task_job_runner.py:245} INFO - ::endgroup::
