[2024-10-15T10:16:56.812+0000] {local_task_job_runner.py:123} INFO - ::group::Pre task execution logs
[2024-10-15T10:16:56.918+0000] {taskinstance.py:2612} INFO - Dependencies all met for dep_context=non-requeueable deps ti=<TaskInstance: news_scraping_pipeline.clean_data_task manual__2024-10-15T10:16:42.929774+00:00 [queued]>
[2024-10-15T10:16:56.946+0000] {taskinstance.py:2612} INFO - Dependencies all met for dep_context=requeueable deps ti=<TaskInstance: news_scraping_pipeline.clean_data_task manual__2024-10-15T10:16:42.929774+00:00 [queued]>
[2024-10-15T10:16:56.954+0000] {taskinstance.py:2865} INFO - Starting attempt 1 of 2
[2024-10-15T10:16:57.029+0000] {taskinstance.py:2888} INFO - Executing <Task(PythonOperator): clean_data_task> on 2024-10-15 10:16:42.929774+00:00
[2024-10-15T10:16:57.050+0000] {warnings.py:112} WARNING - /home/***/.local/lib/python3.12/site-packages/***/task/task_runner/standard_task_runner.py:70: DeprecationWarning: This process (pid=247) is multi-threaded, use of fork() may lead to deadlocks in the child.
  pid = os.fork()

[2024-10-15T10:16:57.067+0000] {standard_task_runner.py:72} INFO - Started process 256 to run task
[2024-10-15T10:16:57.064+0000] {standard_task_runner.py:104} INFO - Running: ['***', 'tasks', 'run', 'news_scraping_pipeline', 'clean_data_task', 'manual__2024-10-15T10:16:42.929774+00:00', '--job-id', '22', '--raw', '--subdir', 'DAGS_FOLDER/news_scraping_pipeline.py', '--cfg-path', '/tmp/tmppbxpb11g']
[2024-10-15T10:16:57.070+0000] {standard_task_runner.py:105} INFO - Job 22: Subtask clean_data_task
[2024-10-15T10:16:57.268+0000] {task_command.py:467} INFO - Running <TaskInstance: news_scraping_pipeline.clean_data_task manual__2024-10-15T10:16:42.929774+00:00 [running]> on host 901951bad31a
[2024-10-15T10:16:57.682+0000] {taskinstance.py:3131} INFO - Exporting env vars: AIRFLOW_CTX_DAG_OWNER='***' AIRFLOW_CTX_DAG_ID='news_scraping_pipeline' AIRFLOW_CTX_TASK_ID='clean_data_task' AIRFLOW_CTX_EXECUTION_DATE='2024-10-15T10:16:42.929774+00:00' AIRFLOW_CTX_TRY_NUMBER='1' AIRFLOW_CTX_DAG_RUN_ID='manual__2024-10-15T10:16:42.929774+00:00'
[2024-10-15T10:16:57.686+0000] {logging_mixin.py:190} INFO - Task instance is in running state
[2024-10-15T10:16:57.688+0000] {logging_mixin.py:190} INFO -  Previous state of the Task instance: queued
[2024-10-15T10:16:57.689+0000] {logging_mixin.py:190} INFO - Current task name:clean_data_task state:running start_date:2024-10-15 10:16:56.919487+00:00
[2024-10-15T10:16:57.690+0000] {logging_mixin.py:190} INFO - Dag name:news_scraping_pipeline and current dag run status:running
[2024-10-15T10:16:57.691+0000] {taskinstance.py:731} INFO - ::endgroup::
[2024-10-15T10:16:57.747+0000] {logging_mixin.py:190} INFO - Before cleaning: 2 articles
[2024-10-15T10:16:57.759+0000] {logging_mixin.py:190} INFO - After cleaning: 2 articles
[2024-10-15T10:16:57.762+0000] {python.py:240} INFO - Done. Returned value was: [{'title': 'Article 1', 'link': 'link1'}, {'title': 'Article 2', 'link': 'link2'}]
[2024-10-15T10:16:57.898+0000] {taskinstance.py:340} INFO - ::group::Post task execution logs
[2024-10-15T10:16:57.905+0000] {taskinstance.py:352} INFO - Marking task as SUCCESS. dag_id=news_scraping_pipeline, task_id=clean_data_task, run_id=manual__2024-10-15T10:16:42.929774+00:00, execution_date=20241015T101642, start_date=20241015T101656, end_date=20241015T101657
[2024-10-15T10:16:58.004+0000] {logging_mixin.py:190} INFO - Task instance in success state
[2024-10-15T10:16:58.005+0000] {logging_mixin.py:190} INFO -  Previous state of the Task instance: running
[2024-10-15T10:16:58.024+0000] {logging_mixin.py:190} INFO - Dag name:news_scraping_pipeline queued_at:2024-10-15 10:16:42.972142+00:00
[2024-10-15T10:16:58.033+0000] {logging_mixin.py:190} INFO - Task hostname:901951bad31a operator:PythonOperator
[2024-10-15T10:16:58.127+0000] {local_task_job_runner.py:266} INFO - Task exited with return code 0
[2024-10-15T10:16:58.318+0000] {taskinstance.py:3900} INFO - 1 downstream tasks scheduled from follow-on schedule check
[2024-10-15T10:16:58.324+0000] {local_task_job_runner.py:245} INFO - ::endgroup::
