[2024-10-15T14:10:16.349+0000] {local_task_job_runner.py:123} INFO - ::group::Pre task execution logs
[2024-10-15T14:10:16.478+0000] {taskinstance.py:2612} INFO - Dependencies all met for dep_context=non-requeueable deps ti=<TaskInstance: news_scraping_pipeline.scrape_task manual__2024-10-15T14:09:54.556255+00:00 [queued]>
[2024-10-15T14:10:16.517+0000] {taskinstance.py:2612} INFO - Dependencies all met for dep_context=requeueable deps ti=<TaskInstance: news_scraping_pipeline.scrape_task manual__2024-10-15T14:09:54.556255+00:00 [queued]>
[2024-10-15T14:10:16.519+0000] {taskinstance.py:2865} INFO - Starting attempt 1 of 2
[2024-10-15T14:10:16.620+0000] {taskinstance.py:2888} INFO - Executing <Task(PythonOperator): scrape_task> on 2024-10-15 14:09:54.556255+00:00
[2024-10-15T14:10:16.677+0000] {warnings.py:112} WARNING - /home/***/.local/lib/python3.12/site-packages/***/task/task_runner/standard_task_runner.py:70: DeprecationWarning: This process (pid=879) is multi-threaded, use of fork() may lead to deadlocks in the child.
  pid = os.fork()

[2024-10-15T14:10:16.684+0000] {standard_task_runner.py:72} INFO - Started process 888 to run task
[2024-10-15T14:10:16.672+0000] {standard_task_runner.py:104} INFO - Running: ['***', 'tasks', 'run', 'news_scraping_pipeline', 'scrape_task', 'manual__2024-10-15T14:09:54.556255+00:00', '--job-id', '69', '--raw', '--subdir', 'DAGS_FOLDER/news_scraping_pipeline.py', '--cfg-path', '/tmp/tmpjolnr904']
[2024-10-15T14:10:16.692+0000] {standard_task_runner.py:105} INFO - Job 69: Subtask scrape_task
[2024-10-15T14:10:17.028+0000] {task_command.py:467} INFO - Running <TaskInstance: news_scraping_pipeline.scrape_task manual__2024-10-15T14:09:54.556255+00:00 [running]> on host 81639b321f8c
[2024-10-15T14:10:17.467+0000] {taskinstance.py:3131} INFO - Exporting env vars: AIRFLOW_CTX_DAG_OWNER='***' AIRFLOW_CTX_DAG_ID='news_scraping_pipeline' AIRFLOW_CTX_TASK_ID='scrape_task' AIRFLOW_CTX_EXECUTION_DATE='2024-10-15T14:09:54.556255+00:00' AIRFLOW_CTX_TRY_NUMBER='1' AIRFLOW_CTX_DAG_RUN_ID='manual__2024-10-15T14:09:54.556255+00:00'
[2024-10-15T14:10:17.472+0000] {logging_mixin.py:190} INFO - Task instance is in running state
[2024-10-15T14:10:17.473+0000] {logging_mixin.py:190} INFO -  Previous state of the Task instance: queued
[2024-10-15T14:10:17.479+0000] {logging_mixin.py:190} INFO - Current task name:scrape_task state:running start_date:2024-10-15 14:10:16.479627+00:00
[2024-10-15T14:10:17.481+0000] {logging_mixin.py:190} INFO - Dag name:news_scraping_pipeline and current dag run status:running
[2024-10-15T14:10:17.485+0000] {taskinstance.py:731} INFO - ::endgroup::
[2024-10-15T14:10:17.490+0000] {logging_mixin.py:190} INFO - Scraping articles for HDFC from YourStory...
[2024-10-15T14:10:17.983+0000] {logging_mixin.py:190} INFO - Scraped 0 articles from YourStory.
[2024-10-15T14:10:17.986+0000] {logging_mixin.py:190} INFO - Scraping articles for HDFC from Finshots...
[2024-10-15T14:10:18.726+0000] {logging_mixin.py:190} INFO - Scraped 11 articles from Finshots.
[2024-10-15T14:10:18.728+0000] {logging_mixin.py:190} INFO - Scraping articles for Tata Motors from YourStory...
[2024-10-15T14:10:18.968+0000] {logging_mixin.py:190} INFO - Scraped 11 articles from YourStory.
[2024-10-15T14:10:18.971+0000] {logging_mixin.py:190} INFO - Scraping articles for Tata Motors from Finshots...
[2024-10-15T14:10:19.558+0000] {logging_mixin.py:190} INFO - Scraped 22 articles from Finshots.
[2024-10-15T14:10:19.558+0000] {logging_mixin.py:190} INFO - Total articles scraped: 5
[2024-10-15T14:10:19.560+0000] {python.py:240} INFO - Done. Returned value was: [{'title': "\nHollywood and Bollywood's carbon footprint problem!\n", 'link': '/archive/hollywood-bollywood-carbon-footprint-emission-pollution-climate-change-problem-film-industry/'}, {'title': '\nThe problem with AP’s new liquor policy\n', 'link': '/archive/the-problem-with-andhra-pradesh-new-liquor-policy/'}, {'title': '\nA slightly different Sunny Side Up edition\n', 'link': '/archive/a-slightly-different-sunny-side-up-edition-hyundai-ipo-gmp/'}, {'title': "\nWhat's up with AI and the 2024 Physics Nobel Prize?\n", 'link': '/archive/whats-up-with-ai-and-the-2024-physics-nobel-prize/'}, {'title': '\n🎯 Finshots Money Milestones #4\u200a—\u200aChasing FIRE\n', 'link': '/archive/finshots-money-milestones-4-chasing-fire/'}]
[2024-10-15T14:10:19.650+0000] {taskinstance.py:340} INFO - ::group::Post task execution logs
[2024-10-15T14:10:19.653+0000] {taskinstance.py:352} INFO - Marking task as SUCCESS. dag_id=news_scraping_pipeline, task_id=scrape_task, run_id=manual__2024-10-15T14:09:54.556255+00:00, execution_date=20241015T140954, start_date=20241015T141016, end_date=20241015T141019
[2024-10-15T14:10:19.683+0000] {logging_mixin.py:190} INFO - Task instance in success state
[2024-10-15T14:10:19.685+0000] {logging_mixin.py:190} INFO -  Previous state of the Task instance: running
[2024-10-15T14:10:19.694+0000] {logging_mixin.py:190} INFO - Dag name:news_scraping_pipeline queued_at:2024-10-15 14:09:55.733848+00:00
[2024-10-15T14:10:19.695+0000] {logging_mixin.py:190} INFO - Task hostname:81639b321f8c operator:PythonOperator
[2024-10-15T14:10:19.777+0000] {local_task_job_runner.py:266} INFO - Task exited with return code 0
[2024-10-15T14:10:19.928+0000] {taskinstance.py:3900} INFO - 1 downstream tasks scheduled from follow-on schedule check
[2024-10-15T14:10:19.947+0000] {local_task_job_runner.py:245} INFO - ::endgroup::
