[2024-10-15T11:32:22.083+0000] {local_task_job_runner.py:123} INFO - ::group::Pre task execution logs
[2024-10-15T11:32:22.109+0000] {taskinstance.py:2612} INFO - Dependencies all met for dep_context=non-requeueable deps ti=<TaskInstance: news_scraping_pipeline.clean_data_task manual__2024-10-15T11:31:58.972429+00:00 [queued]>
[2024-10-15T11:32:22.122+0000] {taskinstance.py:2612} INFO - Dependencies all met for dep_context=requeueable deps ti=<TaskInstance: news_scraping_pipeline.clean_data_task manual__2024-10-15T11:31:58.972429+00:00 [queued]>
[2024-10-15T11:32:22.123+0000] {taskinstance.py:2865} INFO - Starting attempt 1 of 2
[2024-10-15T11:32:22.142+0000] {taskinstance.py:2888} INFO - Executing <Task(PythonOperator): clean_data_task> on 2024-10-15 11:31:58.972429+00:00
[2024-10-15T11:32:22.157+0000] {warnings.py:112} WARNING - /home/***/.local/lib/python3.12/site-packages/***/task/task_runner/standard_task_runner.py:70: DeprecationWarning: This process (pid=180) is multi-threaded, use of fork() may lead to deadlocks in the child.
  pid = os.fork()

[2024-10-15T11:32:22.160+0000] {standard_task_runner.py:72} INFO - Started process 182 to run task
[2024-10-15T11:32:22.161+0000] {standard_task_runner.py:104} INFO - Running: ['***', 'tasks', 'run', 'news_scraping_pipeline', 'clean_data_task', 'manual__2024-10-15T11:31:58.972429+00:00', '--job-id', '27', '--raw', '--subdir', 'DAGS_FOLDER/news_scraping_pipeline.py', '--cfg-path', '/tmp/tmp_cxvf3ew']
[2024-10-15T11:32:22.164+0000] {standard_task_runner.py:105} INFO - Job 27: Subtask clean_data_task
[2024-10-15T11:32:22.240+0000] {task_command.py:467} INFO - Running <TaskInstance: news_scraping_pipeline.clean_data_task manual__2024-10-15T11:31:58.972429+00:00 [running]> on host fc72558e83d6
[2024-10-15T11:32:22.381+0000] {taskinstance.py:3131} INFO - Exporting env vars: AIRFLOW_CTX_DAG_OWNER='***' AIRFLOW_CTX_DAG_ID='news_scraping_pipeline' AIRFLOW_CTX_TASK_ID='clean_data_task' AIRFLOW_CTX_EXECUTION_DATE='2024-10-15T11:31:58.972429+00:00' AIRFLOW_CTX_TRY_NUMBER='1' AIRFLOW_CTX_DAG_RUN_ID='manual__2024-10-15T11:31:58.972429+00:00'
[2024-10-15T11:32:22.383+0000] {logging_mixin.py:190} INFO - Task instance is in running state
[2024-10-15T11:32:22.386+0000] {logging_mixin.py:190} INFO -  Previous state of the Task instance: queued
[2024-10-15T11:32:22.389+0000] {logging_mixin.py:190} INFO - Current task name:clean_data_task state:running start_date:2024-10-15 11:32:22.110327+00:00
[2024-10-15T11:32:22.391+0000] {logging_mixin.py:190} INFO - Dag name:news_scraping_pipeline and current dag run status:running
[2024-10-15T11:32:22.392+0000] {taskinstance.py:731} INFO - ::endgroup::
[2024-10-15T11:32:22.417+0000] {logging_mixin.py:190} INFO - Before cleaning: 2 articles
[2024-10-15T11:32:22.419+0000] {logging_mixin.py:190} INFO - After cleaning: 2 articles
[2024-10-15T11:32:22.423+0000] {python.py:240} INFO - Done. Returned value was: [{'title': 'Article 1', 'link': 'link1'}, {'title': 'Article 2', 'link': 'link2'}]
[2024-10-15T11:32:22.484+0000] {taskinstance.py:340} INFO - ::group::Post task execution logs
[2024-10-15T11:32:22.486+0000] {taskinstance.py:352} INFO - Marking task as SUCCESS. dag_id=news_scraping_pipeline, task_id=clean_data_task, run_id=manual__2024-10-15T11:31:58.972429+00:00, execution_date=20241015T113158, start_date=20241015T113222, end_date=20241015T113222
[2024-10-15T11:32:22.534+0000] {logging_mixin.py:190} INFO - Task instance in success state
[2024-10-15T11:32:22.535+0000] {logging_mixin.py:190} INFO -  Previous state of the Task instance: running
[2024-10-15T11:32:22.537+0000] {logging_mixin.py:190} INFO - Dag name:news_scraping_pipeline queued_at:2024-10-15 11:31:59.075694+00:00
[2024-10-15T11:32:22.540+0000] {logging_mixin.py:190} INFO - Task hostname:fc72558e83d6 operator:PythonOperator
[2024-10-15T11:32:22.584+0000] {local_task_job_runner.py:266} INFO - Task exited with return code 0
[2024-10-15T11:32:22.641+0000] {taskinstance.py:3900} INFO - 1 downstream tasks scheduled from follow-on schedule check
[2024-10-15T11:32:22.646+0000] {local_task_job_runner.py:245} INFO - ::endgroup::
