[2024-10-15T13:17:54.266+0000] {local_task_job_runner.py:123} INFO - ::group::Pre task execution logs
[2024-10-15T13:17:54.298+0000] {taskinstance.py:2612} INFO - Dependencies all met for dep_context=non-requeueable deps ti=<TaskInstance: news_scraping_pipeline.clean_data_task manual__2024-10-15T13:17:44.023080+00:00 [queued]>
[2024-10-15T13:17:54.316+0000] {taskinstance.py:2612} INFO - Dependencies all met for dep_context=requeueable deps ti=<TaskInstance: news_scraping_pipeline.clean_data_task manual__2024-10-15T13:17:44.023080+00:00 [queued]>
[2024-10-15T13:17:54.317+0000] {taskinstance.py:2865} INFO - Starting attempt 1 of 2
[2024-10-15T13:17:54.342+0000] {taskinstance.py:2888} INFO - Executing <Task(PythonOperator): clean_data_task> on 2024-10-15 13:17:44.023080+00:00
[2024-10-15T13:17:54.362+0000] {standard_task_runner.py:104} INFO - Running: ['***', 'tasks', 'run', 'news_scraping_pipeline', 'clean_data_task', 'manual__2024-10-15T13:17:44.023080+00:00', '--job-id', '56', '--raw', '--subdir', 'DAGS_FOLDER/news_scraping_pipeline.py', '--cfg-path', '/tmp/tmp7dda6g03']
[2024-10-15T13:17:54.358+0000] {warnings.py:112} WARNING - /home/***/.local/lib/python3.12/site-packages/***/task/task_runner/standard_task_runner.py:70: DeprecationWarning: This process (pid=566) is multi-threaded, use of fork() may lead to deadlocks in the child.
  pid = os.fork()

[2024-10-15T13:17:54.366+0000] {standard_task_runner.py:105} INFO - Job 56: Subtask clean_data_task
[2024-10-15T13:17:54.367+0000] {standard_task_runner.py:72} INFO - Started process 568 to run task
[2024-10-15T13:17:54.473+0000] {task_command.py:467} INFO - Running <TaskInstance: news_scraping_pipeline.clean_data_task manual__2024-10-15T13:17:44.023080+00:00 [running]> on host 81639b321f8c
[2024-10-15T13:17:54.624+0000] {taskinstance.py:3131} INFO - Exporting env vars: AIRFLOW_CTX_DAG_OWNER='***' AIRFLOW_CTX_DAG_ID='news_scraping_pipeline' AIRFLOW_CTX_TASK_ID='clean_data_task' AIRFLOW_CTX_EXECUTION_DATE='2024-10-15T13:17:44.023080+00:00' AIRFLOW_CTX_TRY_NUMBER='1' AIRFLOW_CTX_DAG_RUN_ID='manual__2024-10-15T13:17:44.023080+00:00'
[2024-10-15T13:17:54.627+0000] {logging_mixin.py:190} INFO - Task instance is in running state
[2024-10-15T13:17:54.628+0000] {logging_mixin.py:190} INFO -  Previous state of the Task instance: queued
[2024-10-15T13:17:54.628+0000] {logging_mixin.py:190} INFO - Current task name:clean_data_task state:running start_date:2024-10-15 13:17:54.298994+00:00
[2024-10-15T13:17:54.629+0000] {logging_mixin.py:190} INFO - Dag name:news_scraping_pipeline and current dag run status:running
[2024-10-15T13:17:54.630+0000] {taskinstance.py:731} INFO - ::endgroup::
[2024-10-15T13:17:54.647+0000] {logging_mixin.py:190} INFO - Before cleaning: 5 articles
[2024-10-15T13:17:54.648+0000] {logging_mixin.py:190} INFO - After cleaning: 5 articles
[2024-10-15T13:17:54.650+0000] {python.py:240} INFO - Done. Returned value was: [{'title': "\nHollywood and Bollywood's carbon footprint problem!\n", 'link': '/archive/hollywood-bollywood-carbon-footprint-emission-pollution-climate-change-problem-film-industry/'}, {'title': '\nThe problem with AP’s new liquor policy\n', 'link': '/archive/the-problem-with-andhra-pradesh-new-liquor-policy/'}, {'title': '\nA slightly different Sunny Side Up edition\n', 'link': '/archive/a-slightly-different-sunny-side-up-edition-hyundai-ipo-gmp/'}, {'title': "\nWhat's up with AI and the 2024 Physics Nobel Prize?\n", 'link': '/archive/whats-up-with-ai-and-the-2024-physics-nobel-prize/'}, {'title': '\n🎯 Finshots Money Milestones #4\u200a—\u200aChasing FIRE\n', 'link': '/archive/finshots-money-milestones-4-chasing-fire/'}]
[2024-10-15T13:17:54.699+0000] {taskinstance.py:340} INFO - ::group::Post task execution logs
[2024-10-15T13:17:54.700+0000] {taskinstance.py:352} INFO - Marking task as SUCCESS. dag_id=news_scraping_pipeline, task_id=clean_data_task, run_id=manual__2024-10-15T13:17:44.023080+00:00, execution_date=20241015T131744, start_date=20241015T131754, end_date=20241015T131754
[2024-10-15T13:17:54.716+0000] {logging_mixin.py:190} INFO - Task instance in success state
[2024-10-15T13:17:54.717+0000] {logging_mixin.py:190} INFO -  Previous state of the Task instance: running
[2024-10-15T13:17:54.718+0000] {logging_mixin.py:190} INFO - Dag name:news_scraping_pipeline queued_at:2024-10-15 13:17:44.040050+00:00
[2024-10-15T13:17:54.720+0000] {logging_mixin.py:190} INFO - Task hostname:81639b321f8c operator:PythonOperator
[2024-10-15T13:17:54.745+0000] {local_task_job_runner.py:266} INFO - Task exited with return code 0
[2024-10-15T13:17:54.762+0000] {local_task_job_runner.py:245} INFO - ::endgroup::
