[2024-10-15T11:41:50.815+0000] {local_task_job_runner.py:123} INFO - ::group::Pre task execution logs
[2024-10-15T11:41:50.863+0000] {taskinstance.py:2612} INFO - Dependencies all met for dep_context=non-requeueable deps ti=<TaskInstance: news_scraping_pipeline.clean_data_task manual__2024-10-15T11:41:34.246179+00:00 [queued]>
[2024-10-15T11:41:50.884+0000] {taskinstance.py:2612} INFO - Dependencies all met for dep_context=requeueable deps ti=<TaskInstance: news_scraping_pipeline.clean_data_task manual__2024-10-15T11:41:34.246179+00:00 [queued]>
[2024-10-15T11:41:50.886+0000] {taskinstance.py:2865} INFO - Starting attempt 1 of 2
[2024-10-15T11:41:50.929+0000] {taskinstance.py:2888} INFO - Executing <Task(PythonOperator): clean_data_task> on 2024-10-15 11:41:34.246179+00:00
[2024-10-15T11:41:50.955+0000] {warnings.py:112} WARNING - /home/***/.local/lib/python3.12/site-packages/***/task/task_runner/standard_task_runner.py:70: DeprecationWarning: This process (pid=309) is multi-threaded, use of fork() may lead to deadlocks in the child.
  pid = os.fork()

[2024-10-15T11:41:50.967+0000] {standard_task_runner.py:72} INFO - Started process 318 to run task
[2024-10-15T11:41:50.961+0000] {standard_task_runner.py:104} INFO - Running: ['***', 'tasks', 'run', 'news_scraping_pipeline', 'clean_data_task', 'manual__2024-10-15T11:41:34.246179+00:00', '--job-id', '36', '--raw', '--subdir', 'DAGS_FOLDER/news_scraping_pipeline.py', '--cfg-path', '/tmp/tmpbzd10dwt']
[2024-10-15T11:41:50.972+0000] {standard_task_runner.py:105} INFO - Job 36: Subtask clean_data_task
[2024-10-15T11:41:51.142+0000] {task_command.py:467} INFO - Running <TaskInstance: news_scraping_pipeline.clean_data_task manual__2024-10-15T11:41:34.246179+00:00 [running]> on host fc72558e83d6
[2024-10-15T11:41:51.359+0000] {taskinstance.py:3131} INFO - Exporting env vars: AIRFLOW_CTX_DAG_OWNER='***' AIRFLOW_CTX_DAG_ID='news_scraping_pipeline' AIRFLOW_CTX_TASK_ID='clean_data_task' AIRFLOW_CTX_EXECUTION_DATE='2024-10-15T11:41:34.246179+00:00' AIRFLOW_CTX_TRY_NUMBER='1' AIRFLOW_CTX_DAG_RUN_ID='manual__2024-10-15T11:41:34.246179+00:00'
[2024-10-15T11:41:51.363+0000] {logging_mixin.py:190} INFO - Task instance is in running state
[2024-10-15T11:41:51.364+0000] {logging_mixin.py:190} INFO -  Previous state of the Task instance: queued
[2024-10-15T11:41:51.365+0000] {logging_mixin.py:190} INFO - Current task name:clean_data_task state:running start_date:2024-10-15 11:41:50.865325+00:00
[2024-10-15T11:41:51.365+0000] {logging_mixin.py:190} INFO - Dag name:news_scraping_pipeline and current dag run status:running
[2024-10-15T11:41:51.366+0000] {taskinstance.py:731} INFO - ::endgroup::
[2024-10-15T11:41:51.387+0000] {logging_mixin.py:190} INFO - Before cleaning: 2 articles
[2024-10-15T11:41:51.388+0000] {logging_mixin.py:190} INFO - After cleaning: 2 articles
[2024-10-15T11:41:51.392+0000] {python.py:240} INFO - Done. Returned value was: [{'title': 'Article 1', 'link': 'link1'}, {'title': 'Article 2', 'link': 'link2'}]
[2024-10-15T11:41:51.447+0000] {taskinstance.py:340} INFO - ::group::Post task execution logs
[2024-10-15T11:41:51.448+0000] {taskinstance.py:352} INFO - Marking task as SUCCESS. dag_id=news_scraping_pipeline, task_id=clean_data_task, run_id=manual__2024-10-15T11:41:34.246179+00:00, execution_date=20241015T114134, start_date=20241015T114150, end_date=20241015T114151
[2024-10-15T11:41:51.488+0000] {logging_mixin.py:190} INFO - Task instance in success state
[2024-10-15T11:41:51.490+0000] {logging_mixin.py:190} INFO -  Previous state of the Task instance: running
[2024-10-15T11:41:51.491+0000] {logging_mixin.py:190} INFO - Dag name:news_scraping_pipeline queued_at:2024-10-15 11:41:34.415422+00:00
[2024-10-15T11:41:51.495+0000] {logging_mixin.py:190} INFO - Task hostname:fc72558e83d6 operator:PythonOperator
[2024-10-15T11:41:51.542+0000] {local_task_job_runner.py:266} INFO - Task exited with return code 0
[2024-10-15T11:41:51.666+0000] {taskinstance.py:3900} INFO - 1 downstream tasks scheduled from follow-on schedule check
[2024-10-15T11:41:51.672+0000] {local_task_job_runner.py:245} INFO - ::endgroup::
