[2024-10-15T11:40:01.323+0000] {local_task_job_runner.py:123} INFO - ::group::Pre task execution logs
[2024-10-15T11:40:01.379+0000] {taskinstance.py:2612} INFO - Dependencies all met for dep_context=non-requeueable deps ti=<TaskInstance: news_scraping_pipeline.sentiment_analysis_task manual__2024-10-15T11:39:28.380460+00:00 [queued]>
[2024-10-15T11:40:01.416+0000] {taskinstance.py:2612} INFO - Dependencies all met for dep_context=requeueable deps ti=<TaskInstance: news_scraping_pipeline.sentiment_analysis_task manual__2024-10-15T11:39:28.380460+00:00 [queued]>
[2024-10-15T11:40:01.417+0000] {taskinstance.py:2865} INFO - Starting attempt 1 of 2
[2024-10-15T11:40:01.463+0000] {taskinstance.py:2888} INFO - Executing <Task(PythonOperator): sentiment_analysis_task> on 2024-10-15 11:39:28.380460+00:00
[2024-10-15T11:40:01.482+0000] {warnings.py:112} WARNING - /home/***/.local/lib/python3.12/site-packages/***/task/task_runner/standard_task_runner.py:70: DeprecationWarning: This process (pid=283) is multi-threaded, use of fork() may lead to deadlocks in the child.
  pid = os.fork()

[2024-10-15T11:40:01.486+0000] {standard_task_runner.py:72} INFO - Started process 285 to run task
[2024-10-15T11:40:01.487+0000] {standard_task_runner.py:104} INFO - Running: ['***', 'tasks', 'run', 'news_scraping_pipeline', 'sentiment_analysis_task', 'manual__2024-10-15T11:39:28.380460+00:00', '--job-id', '33', '--raw', '--subdir', 'DAGS_FOLDER/news_scraping_pipeline.py', '--cfg-path', '/tmp/tmp52uedgdn']
[2024-10-15T11:40:01.490+0000] {standard_task_runner.py:105} INFO - Job 33: Subtask sentiment_analysis_task
[2024-10-15T11:40:01.735+0000] {task_command.py:467} INFO - Running <TaskInstance: news_scraping_pipeline.sentiment_analysis_task manual__2024-10-15T11:39:28.380460+00:00 [running]> on host fc72558e83d6
[2024-10-15T11:40:01.969+0000] {taskinstance.py:3131} INFO - Exporting env vars: AIRFLOW_CTX_DAG_OWNER='***' AIRFLOW_CTX_DAG_ID='news_scraping_pipeline' AIRFLOW_CTX_TASK_ID='sentiment_analysis_task' AIRFLOW_CTX_EXECUTION_DATE='2024-10-15T11:39:28.380460+00:00' AIRFLOW_CTX_TRY_NUMBER='1' AIRFLOW_CTX_DAG_RUN_ID='manual__2024-10-15T11:39:28.380460+00:00'
[2024-10-15T11:40:01.972+0000] {logging_mixin.py:190} INFO - Task instance is in running state
[2024-10-15T11:40:01.972+0000] {logging_mixin.py:190} INFO -  Previous state of the Task instance: queued
[2024-10-15T11:40:01.973+0000] {logging_mixin.py:190} INFO - Current task name:sentiment_analysis_task state:running start_date:2024-10-15 11:40:01.380635+00:00
[2024-10-15T11:40:01.974+0000] {logging_mixin.py:190} INFO - Dag name:news_scraping_pipeline and current dag run status:running
[2024-10-15T11:40:01.974+0000] {taskinstance.py:731} INFO - ::endgroup::
[2024-10-15T11:40:01.991+0000] {logging_mixin.py:190} INFO - Sentiment analysis completed for 2 articles
[2024-10-15T11:40:01.992+0000] {python.py:240} INFO - Done. Returned value was: [{'title': 'Article 1', 'link': 'link1', 'sentiment_score': 0.13}, {'title': 'Article 2', 'link': 'link2', 'sentiment_score': 0.79}]
[2024-10-15T11:40:02.027+0000] {taskinstance.py:340} INFO - ::group::Post task execution logs
[2024-10-15T11:40:02.028+0000] {taskinstance.py:352} INFO - Marking task as SUCCESS. dag_id=news_scraping_pipeline, task_id=sentiment_analysis_task, run_id=manual__2024-10-15T11:39:28.380460+00:00, execution_date=20241015T113928, start_date=20241015T114001, end_date=20241015T114002
[2024-10-15T11:40:02.042+0000] {logging_mixin.py:190} INFO - Task instance in success state
[2024-10-15T11:40:02.043+0000] {logging_mixin.py:190} INFO -  Previous state of the Task instance: running
[2024-10-15T11:40:02.044+0000] {logging_mixin.py:190} INFO - Dag name:news_scraping_pipeline queued_at:2024-10-15 11:39:28.573726+00:00
[2024-10-15T11:40:02.045+0000] {logging_mixin.py:190} INFO - Task hostname:fc72558e83d6 operator:PythonOperator
[2024-10-15T11:40:02.077+0000] {local_task_job_runner.py:266} INFO - Task exited with return code 0
[2024-10-15T11:40:02.108+0000] {taskinstance.py:3900} INFO - 1 downstream tasks scheduled from follow-on schedule check
[2024-10-15T11:40:02.113+0000] {local_task_job_runner.py:245} INFO - ::endgroup::
