[2024-10-15T10:11:07.301+0000] {local_task_job_runner.py:123} INFO - ::group::Pre task execution logs
[2024-10-15T10:11:07.466+0000] {taskinstance.py:2612} INFO - Dependencies all met for dep_context=non-requeueable deps ti=<TaskInstance: news_scraping_pipeline.clean_data_task manual__2024-10-15T10:10:37.551530+00:00 [queued]>
[2024-10-15T10:11:07.535+0000] {taskinstance.py:2612} INFO - Dependencies all met for dep_context=requeueable deps ti=<TaskInstance: news_scraping_pipeline.clean_data_task manual__2024-10-15T10:10:37.551530+00:00 [queued]>
[2024-10-15T10:11:07.546+0000] {taskinstance.py:2865} INFO - Starting attempt 1 of 2
[2024-10-15T10:11:07.683+0000] {taskinstance.py:2888} INFO - Executing <Task(PythonOperator): clean_data_task> on 2024-10-15 10:10:37.551530+00:00
[2024-10-15T10:11:07.741+0000] {warnings.py:112} WARNING - /home/***/.local/lib/python3.12/site-packages/***/task/task_runner/standard_task_runner.py:70: DeprecationWarning: This process (pid=181) is multi-threaded, use of fork() may lead to deadlocks in the child.
  pid = os.fork()

[2024-10-15T10:11:07.776+0000] {standard_task_runner.py:72} INFO - Started process 183 to run task
[2024-10-15T10:11:07.762+0000] {standard_task_runner.py:104} INFO - Running: ['***', 'tasks', 'run', 'news_scraping_pipeline', 'clean_data_task', 'manual__2024-10-15T10:10:37.551530+00:00', '--job-id', '20', '--raw', '--subdir', 'DAGS_FOLDER/news_scraping_pipeline.py', '--cfg-path', '/tmp/tmp0m29yf8n']
[2024-10-15T10:11:07.783+0000] {standard_task_runner.py:105} INFO - Job 20: Subtask clean_data_task
[2024-10-15T10:11:08.071+0000] {task_command.py:467} INFO - Running <TaskInstance: news_scraping_pipeline.clean_data_task manual__2024-10-15T10:10:37.551530+00:00 [running]> on host 901951bad31a
[2024-10-15T10:11:08.585+0000] {taskinstance.py:3131} INFO - Exporting env vars: AIRFLOW_CTX_DAG_OWNER='***' AIRFLOW_CTX_DAG_ID='news_scraping_pipeline' AIRFLOW_CTX_TASK_ID='clean_data_task' AIRFLOW_CTX_EXECUTION_DATE='2024-10-15T10:10:37.551530+00:00' AIRFLOW_CTX_TRY_NUMBER='1' AIRFLOW_CTX_DAG_RUN_ID='manual__2024-10-15T10:10:37.551530+00:00'
[2024-10-15T10:11:08.591+0000] {logging_mixin.py:190} INFO - Task instance is in running state
[2024-10-15T10:11:08.593+0000] {logging_mixin.py:190} INFO -  Previous state of the Task instance: queued
[2024-10-15T10:11:08.594+0000] {logging_mixin.py:190} INFO - Current task name:clean_data_task state:running start_date:2024-10-15 10:11:07.473542+00:00
[2024-10-15T10:11:08.595+0000] {logging_mixin.py:190} INFO - Dag name:news_scraping_pipeline and current dag run status:running
[2024-10-15T10:11:08.602+0000] {taskinstance.py:731} INFO - ::endgroup::
[2024-10-15T10:11:08.661+0000] {logging_mixin.py:190} INFO - Before cleaning: 2 articles
[2024-10-15T10:11:08.677+0000] {logging_mixin.py:190} INFO - After cleaning: 2 articles
[2024-10-15T10:11:08.688+0000] {python.py:240} INFO - Done. Returned value was: [{'title': 'Article 1', 'link': 'link1'}, {'title': 'Article 2', 'link': 'link2'}]
[2024-10-15T10:11:08.887+0000] {taskinstance.py:340} INFO - ::group::Post task execution logs
[2024-10-15T10:11:08.895+0000] {taskinstance.py:352} INFO - Marking task as SUCCESS. dag_id=news_scraping_pipeline, task_id=clean_data_task, run_id=manual__2024-10-15T10:10:37.551530+00:00, execution_date=20241015T101037, start_date=20241015T101107, end_date=20241015T101108
[2024-10-15T10:11:08.958+0000] {logging_mixin.py:190} INFO - Task instance in success state
[2024-10-15T10:11:08.959+0000] {logging_mixin.py:190} INFO -  Previous state of the Task instance: running
[2024-10-15T10:11:08.960+0000] {logging_mixin.py:190} INFO - Dag name:news_scraping_pipeline queued_at:2024-10-15 10:10:37.613856+00:00
[2024-10-15T10:11:08.961+0000] {logging_mixin.py:190} INFO - Task hostname:901951bad31a operator:PythonOperator
[2024-10-15T10:11:09.082+0000] {local_task_job_runner.py:266} INFO - Task exited with return code 0
[2024-10-15T10:11:09.204+0000] {taskinstance.py:3900} INFO - 0 downstream tasks scheduled from follow-on schedule check
[2024-10-15T10:11:09.219+0000] {local_task_job_runner.py:245} INFO - ::endgroup::
