[2024-10-15T14:03:32.237+0000] {local_task_job_runner.py:123} INFO - ::group::Pre task execution logs
[2024-10-15T14:03:32.284+0000] {taskinstance.py:2612} INFO - Dependencies all met for dep_context=non-requeueable deps ti=<TaskInstance: news_scraping_pipeline.store_results_task manual__2024-10-15T14:02:58.840287+00:00 [queued]>
[2024-10-15T14:03:32.325+0000] {taskinstance.py:2612} INFO - Dependencies all met for dep_context=requeueable deps ti=<TaskInstance: news_scraping_pipeline.store_results_task manual__2024-10-15T14:02:58.840287+00:00 [queued]>
[2024-10-15T14:03:32.327+0000] {taskinstance.py:2865} INFO - Starting attempt 1 of 2
[2024-10-15T14:03:32.401+0000] {taskinstance.py:2888} INFO - Executing <Task(PythonOperator): store_results_task> on 2024-10-15 14:02:58.840287+00:00
[2024-10-15T14:03:32.425+0000] {warnings.py:112} WARNING - /home/***/.local/lib/python3.12/site-packages/***/task/task_runner/standard_task_runner.py:70: DeprecationWarning: This process (pid=795) is multi-threaded, use of fork() may lead to deadlocks in the child.
  pid = os.fork()

[2024-10-15T14:03:32.443+0000] {standard_task_runner.py:72} INFO - Started process 804 to run task
[2024-10-15T14:03:32.452+0000] {standard_task_runner.py:104} INFO - Running: ['***', 'tasks', 'run', 'news_scraping_pipeline', 'store_results_task', 'manual__2024-10-15T14:02:58.840287+00:00', '--job-id', '64', '--raw', '--subdir', 'DAGS_FOLDER/news_scraping_pipeline.py', '--cfg-path', '/tmp/tmp4eq213g2']
[2024-10-15T14:03:32.456+0000] {standard_task_runner.py:105} INFO - Job 64: Subtask store_results_task
[2024-10-15T14:03:32.561+0000] {task_command.py:467} INFO - Running <TaskInstance: news_scraping_pipeline.store_results_task manual__2024-10-15T14:02:58.840287+00:00 [running]> on host 81639b321f8c
[2024-10-15T14:03:32.880+0000] {taskinstance.py:3131} INFO - Exporting env vars: AIRFLOW_CTX_DAG_OWNER='***' AIRFLOW_CTX_DAG_ID='news_scraping_pipeline' AIRFLOW_CTX_TASK_ID='store_results_task' AIRFLOW_CTX_EXECUTION_DATE='2024-10-15T14:02:58.840287+00:00' AIRFLOW_CTX_TRY_NUMBER='1' AIRFLOW_CTX_DAG_RUN_ID='manual__2024-10-15T14:02:58.840287+00:00'
[2024-10-15T14:03:32.888+0000] {logging_mixin.py:190} INFO - Task instance is in running state
[2024-10-15T14:03:32.889+0000] {logging_mixin.py:190} INFO -  Previous state of the Task instance: queued
[2024-10-15T14:03:32.890+0000] {logging_mixin.py:190} INFO - Current task name:store_results_task state:running start_date:2024-10-15 14:03:32.290667+00:00
[2024-10-15T14:03:32.898+0000] {logging_mixin.py:190} INFO - Dag name:news_scraping_pipeline and current dag run status:running
[2024-10-15T14:03:32.899+0000] {taskinstance.py:731} INFO - ::endgroup::
[2024-10-15T14:03:32.978+0000] {logging_mixin.py:190} INFO - Stored 5 articles in the database.
[2024-10-15T14:03:32.981+0000] {python.py:240} INFO - Done. Returned value was: None
[2024-10-15T14:03:33.023+0000] {taskinstance.py:340} INFO - ::group::Post task execution logs
[2024-10-15T14:03:33.025+0000] {taskinstance.py:352} INFO - Marking task as SUCCESS. dag_id=news_scraping_pipeline, task_id=store_results_task, run_id=manual__2024-10-15T14:02:58.840287+00:00, execution_date=20241015T140258, start_date=20241015T140332, end_date=20241015T140333
[2024-10-15T14:03:33.061+0000] {logging_mixin.py:190} INFO - Task instance in success state
[2024-10-15T14:03:33.062+0000] {logging_mixin.py:190} INFO -  Previous state of the Task instance: running
[2024-10-15T14:03:33.065+0000] {logging_mixin.py:190} INFO - Dag name:news_scraping_pipeline queued_at:2024-10-15 14:02:59.234949+00:00
[2024-10-15T14:03:33.067+0000] {logging_mixin.py:190} INFO - Task hostname:81639b321f8c operator:PythonOperator
[2024-10-15T14:03:33.122+0000] {local_task_job_runner.py:266} INFO - Task exited with return code 0
[2024-10-15T14:03:33.179+0000] {taskinstance.py:3900} INFO - 0 downstream tasks scheduled from follow-on schedule check
[2024-10-15T14:03:33.189+0000] {local_task_job_runner.py:245} INFO - ::endgroup::
