[2024-10-15T13:12:02.275+0000] {local_task_job_runner.py:123} INFO - ::group::Pre task execution logs
[2024-10-15T13:12:02.324+0000] {taskinstance.py:2612} INFO - Dependencies all met for dep_context=non-requeueable deps ti=<TaskInstance: news_scraping_pipeline.scrape_task manual__2024-10-15T13:11:37.430344+00:00 [queued]>
[2024-10-15T13:12:02.352+0000] {taskinstance.py:2612} INFO - Dependencies all met for dep_context=requeueable deps ti=<TaskInstance: news_scraping_pipeline.scrape_task manual__2024-10-15T13:11:37.430344+00:00 [queued]>
[2024-10-15T13:12:02.354+0000] {taskinstance.py:2865} INFO - Starting attempt 1 of 2
[2024-10-15T13:12:02.381+0000] {taskinstance.py:2888} INFO - Executing <Task(PythonOperator): scrape_task> on 2024-10-15 13:11:37.430344+00:00
[2024-10-15T13:12:02.397+0000] {warnings.py:112} WARNING - /home/***/.local/lib/python3.12/site-packages/***/task/task_runner/standard_task_runner.py:70: DeprecationWarning: This process (pid=494) is multi-threaded, use of fork() may lead to deadlocks in the child.
  pid = os.fork()

[2024-10-15T13:12:02.401+0000] {standard_task_runner.py:72} INFO - Started process 496 to run task
[2024-10-15T13:12:02.403+0000] {standard_task_runner.py:104} INFO - Running: ['***', 'tasks', 'run', 'news_scraping_pipeline', 'scrape_task', 'manual__2024-10-15T13:11:37.430344+00:00', '--job-id', '52', '--raw', '--subdir', 'DAGS_FOLDER/news_scraping_pipeline.py', '--cfg-path', '/tmp/tmp__wxilxi']
[2024-10-15T13:12:02.406+0000] {standard_task_runner.py:105} INFO - Job 52: Subtask scrape_task
[2024-10-15T13:12:02.573+0000] {task_command.py:467} INFO - Running <TaskInstance: news_scraping_pipeline.scrape_task manual__2024-10-15T13:11:37.430344+00:00 [running]> on host 81639b321f8c
[2024-10-15T13:12:02.799+0000] {taskinstance.py:3131} INFO - Exporting env vars: AIRFLOW_CTX_DAG_OWNER='***' AIRFLOW_CTX_DAG_ID='news_scraping_pipeline' AIRFLOW_CTX_TASK_ID='scrape_task' AIRFLOW_CTX_EXECUTION_DATE='2024-10-15T13:11:37.430344+00:00' AIRFLOW_CTX_TRY_NUMBER='1' AIRFLOW_CTX_DAG_RUN_ID='manual__2024-10-15T13:11:37.430344+00:00'
[2024-10-15T13:12:02.802+0000] {logging_mixin.py:190} INFO - Task instance is in running state
[2024-10-15T13:12:02.805+0000] {logging_mixin.py:190} INFO -  Previous state of the Task instance: queued
[2024-10-15T13:12:02.810+0000] {logging_mixin.py:190} INFO - Current task name:scrape_task state:running start_date:2024-10-15 13:12:02.326424+00:00
[2024-10-15T13:12:02.812+0000] {logging_mixin.py:190} INFO - Dag name:news_scraping_pipeline and current dag run status:running
[2024-10-15T13:12:02.814+0000] {taskinstance.py:731} INFO - ::endgroup::
[2024-10-15T13:12:06.224+0000] {logging_mixin.py:190} INFO - Scraped 0 articles.
[2024-10-15T13:12:06.226+0000] {python.py:240} INFO - Done. Returned value was: []
[2024-10-15T13:12:06.287+0000] {taskinstance.py:340} INFO - ::group::Post task execution logs
[2024-10-15T13:12:06.289+0000] {taskinstance.py:352} INFO - Marking task as SUCCESS. dag_id=news_scraping_pipeline, task_id=scrape_task, run_id=manual__2024-10-15T13:11:37.430344+00:00, execution_date=20241015T131137, start_date=20241015T131202, end_date=20241015T131206
[2024-10-15T13:12:06.344+0000] {logging_mixin.py:190} INFO - Task instance in success state
[2024-10-15T13:12:06.349+0000] {logging_mixin.py:190} INFO -  Previous state of the Task instance: running
[2024-10-15T13:12:06.351+0000] {logging_mixin.py:190} INFO - Dag name:news_scraping_pipeline queued_at:2024-10-15 13:11:37.555341+00:00
[2024-10-15T13:12:06.354+0000] {logging_mixin.py:190} INFO - Task hostname:81639b321f8c operator:PythonOperator
[2024-10-15T13:12:06.410+0000] {local_task_job_runner.py:266} INFO - Task exited with return code 0
[2024-10-15T13:12:06.538+0000] {taskinstance.py:3900} INFO - 1 downstream tasks scheduled from follow-on schedule check
[2024-10-15T13:12:06.555+0000] {local_task_job_runner.py:245} INFO - ::endgroup::
