[2024-10-15T13:27:55.657+0000] {local_task_job_runner.py:123} INFO - ::group::Pre task execution logs
[2024-10-15T13:27:55.682+0000] {taskinstance.py:2612} INFO - Dependencies all met for dep_context=non-requeueable deps ti=<TaskInstance: news_scraping_pipeline.store_results_task manual__2024-10-15T13:17:44.023080+00:00 [queued]>
[2024-10-15T13:27:55.696+0000] {taskinstance.py:2612} INFO - Dependencies all met for dep_context=requeueable deps ti=<TaskInstance: news_scraping_pipeline.store_results_task manual__2024-10-15T13:17:44.023080+00:00 [queued]>
[2024-10-15T13:27:55.697+0000] {taskinstance.py:2865} INFO - Starting attempt 1 of 2
[2024-10-15T13:27:55.718+0000] {taskinstance.py:2888} INFO - Executing <Task(PythonOperator): store_results_task> on 2024-10-15 13:17:44.023080+00:00
[2024-10-15T13:27:55.733+0000] {warnings.py:112} WARNING - /home/***/.local/lib/python3.12/site-packages/***/task/task_runner/standard_task_runner.py:70: DeprecationWarning: This process (pid=638) is multi-threaded, use of fork() may lead to deadlocks in the child.
  pid = os.fork()

[2024-10-15T13:27:55.736+0000] {standard_task_runner.py:72} INFO - Started process 640 to run task
[2024-10-15T13:27:55.742+0000] {standard_task_runner.py:104} INFO - Running: ['***', 'tasks', 'run', 'news_scraping_pipeline', 'store_results_task', 'manual__2024-10-15T13:17:44.023080+00:00', '--job-id', '59', '--raw', '--subdir', 'DAGS_FOLDER/news_scraping_pipeline.py', '--cfg-path', '/tmp/tmpwvkray5v']
[2024-10-15T13:27:55.745+0000] {standard_task_runner.py:105} INFO - Job 59: Subtask store_results_task
[2024-10-15T13:27:55.811+0000] {task_command.py:467} INFO - Running <TaskInstance: news_scraping_pipeline.store_results_task manual__2024-10-15T13:17:44.023080+00:00 [running]> on host 81639b321f8c
[2024-10-15T13:27:55.923+0000] {taskinstance.py:3131} INFO - Exporting env vars: AIRFLOW_CTX_DAG_OWNER='***' AIRFLOW_CTX_DAG_ID='news_scraping_pipeline' AIRFLOW_CTX_TASK_ID='store_results_task' AIRFLOW_CTX_EXECUTION_DATE='2024-10-15T13:17:44.023080+00:00' AIRFLOW_CTX_TRY_NUMBER='1' AIRFLOW_CTX_DAG_RUN_ID='manual__2024-10-15T13:17:44.023080+00:00'
[2024-10-15T13:27:55.926+0000] {logging_mixin.py:190} INFO - Task instance is in running state
[2024-10-15T13:27:55.926+0000] {logging_mixin.py:190} INFO -  Previous state of the Task instance: queued
[2024-10-15T13:27:55.927+0000] {logging_mixin.py:190} INFO - Current task name:store_results_task state:running start_date:2024-10-15 13:27:55.683225+00:00
[2024-10-15T13:27:55.927+0000] {logging_mixin.py:190} INFO - Dag name:news_scraping_pipeline and current dag run status:running
[2024-10-15T13:27:55.928+0000] {taskinstance.py:731} INFO - ::endgroup::
[2024-10-15T13:27:55.953+0000] {logging_mixin.py:190} INFO - Stored 5 articles in the database.
[2024-10-15T13:27:55.954+0000] {python.py:240} INFO - Done. Returned value was: None
[2024-10-15T13:27:55.967+0000] {taskinstance.py:340} INFO - ::group::Post task execution logs
[2024-10-15T13:27:55.968+0000] {taskinstance.py:352} INFO - Marking task as SUCCESS. dag_id=news_scraping_pipeline, task_id=store_results_task, run_id=manual__2024-10-15T13:17:44.023080+00:00, execution_date=20241015T131744, start_date=20241015T132755, end_date=20241015T132755
[2024-10-15T13:27:55.981+0000] {logging_mixin.py:190} INFO - Task instance in success state
[2024-10-15T13:27:55.982+0000] {logging_mixin.py:190} INFO -  Previous state of the Task instance: running
[2024-10-15T13:27:55.982+0000] {logging_mixin.py:190} INFO - Dag name:news_scraping_pipeline queued_at:2024-10-15 13:17:44.040050+00:00
[2024-10-15T13:27:55.983+0000] {logging_mixin.py:190} INFO - Task hostname:81639b321f8c operator:PythonOperator
[2024-10-15T13:27:56.033+0000] {local_task_job_runner.py:266} INFO - Task exited with return code 0
[2024-10-15T13:27:56.065+0000] {taskinstance.py:3900} INFO - 0 downstream tasks scheduled from follow-on schedule check
[2024-10-15T13:27:56.068+0000] {local_task_job_runner.py:245} INFO - ::endgroup::
