[2024-10-15T12:15:13.296+0000] {local_task_job_runner.py:123} INFO - ::group::Pre task execution logs
[2024-10-15T12:15:13.338+0000] {taskinstance.py:2612} INFO - Dependencies all met for dep_context=non-requeueable deps ti=<TaskInstance: news_scraping_pipeline.scrape_task manual__2024-10-15T12:14:40.487952+00:00 [queued]>
[2024-10-15T12:15:13.365+0000] {taskinstance.py:2612} INFO - Dependencies all met for dep_context=requeueable deps ti=<TaskInstance: news_scraping_pipeline.scrape_task manual__2024-10-15T12:14:40.487952+00:00 [queued]>
[2024-10-15T12:15:13.371+0000] {taskinstance.py:2865} INFO - Starting attempt 1 of 2
[2024-10-15T12:15:13.421+0000] {taskinstance.py:2888} INFO - Executing <Task(PythonOperator): scrape_task> on 2024-10-15 12:14:40.487952+00:00
[2024-10-15T12:15:13.439+0000] {warnings.py:112} WARNING - /home/***/.local/lib/python3.12/site-packages/***/task/task_runner/standard_task_runner.py:70: DeprecationWarning: This process (pid=145) is multi-threaded, use of fork() may lead to deadlocks in the child.
  pid = os.fork()

[2024-10-15T12:15:13.442+0000] {standard_task_runner.py:72} INFO - Started process 154 to run task
[2024-10-15T12:15:13.451+0000] {standard_task_runner.py:104} INFO - Running: ['***', 'tasks', 'run', 'news_scraping_pipeline', 'scrape_task', 'manual__2024-10-15T12:14:40.487952+00:00', '--job-id', '43', '--raw', '--subdir', 'DAGS_FOLDER/news_scraping_pipeline.py', '--cfg-path', '/tmp/tmppbi2hrgh']
[2024-10-15T12:15:13.453+0000] {standard_task_runner.py:105} INFO - Job 43: Subtask scrape_task
[2024-10-15T12:15:13.597+0000] {task_command.py:467} INFO - Running <TaskInstance: news_scraping_pipeline.scrape_task manual__2024-10-15T12:14:40.487952+00:00 [running]> on host 81639b321f8c
[2024-10-15T12:15:13.829+0000] {taskinstance.py:3131} INFO - Exporting env vars: AIRFLOW_CTX_DAG_OWNER='***' AIRFLOW_CTX_DAG_ID='news_scraping_pipeline' AIRFLOW_CTX_TASK_ID='scrape_task' AIRFLOW_CTX_EXECUTION_DATE='2024-10-15T12:14:40.487952+00:00' AIRFLOW_CTX_TRY_NUMBER='1' AIRFLOW_CTX_DAG_RUN_ID='manual__2024-10-15T12:14:40.487952+00:00'
[2024-10-15T12:15:13.832+0000] {logging_mixin.py:190} INFO - Task instance is in running state
[2024-10-15T12:15:13.833+0000] {logging_mixin.py:190} INFO -  Previous state of the Task instance: queued
[2024-10-15T12:15:13.838+0000] {logging_mixin.py:190} INFO - Current task name:scrape_task state:running start_date:2024-10-15 12:15:13.339245+00:00
[2024-10-15T12:15:13.840+0000] {logging_mixin.py:190} INFO - Dag name:news_scraping_pipeline and current dag run status:running
[2024-10-15T12:15:13.841+0000] {taskinstance.py:731} INFO - ::endgroup::
[2024-10-15T12:15:16.488+0000] {logging_mixin.py:190} INFO - Scraped 0 articles.
[2024-10-15T12:15:16.490+0000] {python.py:240} INFO - Done. Returned value was: []
[2024-10-15T12:15:16.582+0000] {taskinstance.py:340} INFO - ::group::Post task execution logs
[2024-10-15T12:15:16.584+0000] {taskinstance.py:352} INFO - Marking task as SUCCESS. dag_id=news_scraping_pipeline, task_id=scrape_task, run_id=manual__2024-10-15T12:14:40.487952+00:00, execution_date=20241015T121440, start_date=20241015T121513, end_date=20241015T121516
[2024-10-15T12:15:16.616+0000] {logging_mixin.py:190} INFO - Task instance in success state
[2024-10-15T12:15:16.617+0000] {logging_mixin.py:190} INFO -  Previous state of the Task instance: running
[2024-10-15T12:15:16.618+0000] {logging_mixin.py:190} INFO - Dag name:news_scraping_pipeline queued_at:2024-10-15 12:14:40.520980+00:00
[2024-10-15T12:15:16.619+0000] {logging_mixin.py:190} INFO - Task hostname:81639b321f8c operator:PythonOperator
[2024-10-15T12:15:16.686+0000] {local_task_job_runner.py:266} INFO - Task exited with return code 0
[2024-10-15T12:15:16.780+0000] {taskinstance.py:3900} INFO - 1 downstream tasks scheduled from follow-on schedule check
[2024-10-15T12:15:16.792+0000] {local_task_job_runner.py:245} INFO - ::endgroup::
