[2024-10-15T11:32:17.666+0000] {local_task_job_runner.py:123} INFO - ::group::Pre task execution logs
[2024-10-15T11:32:17.702+0000] {taskinstance.py:2612} INFO - Dependencies all met for dep_context=non-requeueable deps ti=<TaskInstance: news_scraping_pipeline.scrape_task manual__2024-10-15T11:31:58.972429+00:00 [queued]>
[2024-10-15T11:32:17.733+0000] {taskinstance.py:2612} INFO - Dependencies all met for dep_context=requeueable deps ti=<TaskInstance: news_scraping_pipeline.scrape_task manual__2024-10-15T11:31:58.972429+00:00 [queued]>
[2024-10-15T11:32:17.739+0000] {taskinstance.py:2865} INFO - Starting attempt 1 of 2
[2024-10-15T11:32:17.765+0000] {taskinstance.py:2888} INFO - Executing <Task(PythonOperator): scrape_task> on 2024-10-15 11:31:58.972429+00:00
[2024-10-15T11:32:17.783+0000] {warnings.py:112} WARNING - /home/***/.local/lib/python3.12/site-packages/***/task/task_runner/standard_task_runner.py:70: DeprecationWarning: This process (pid=176) is multi-threaded, use of fork() may lead to deadlocks in the child.
  pid = os.fork()

[2024-10-15T11:32:17.787+0000] {standard_task_runner.py:104} INFO - Running: ['***', 'tasks', 'run', 'news_scraping_pipeline', 'scrape_task', 'manual__2024-10-15T11:31:58.972429+00:00', '--job-id', '26', '--raw', '--subdir', 'DAGS_FOLDER/news_scraping_pipeline.py', '--cfg-path', '/tmp/tmpx2btu9l4']
[2024-10-15T11:32:17.793+0000] {standard_task_runner.py:105} INFO - Job 26: Subtask scrape_task
[2024-10-15T11:32:17.793+0000] {standard_task_runner.py:72} INFO - Started process 178 to run task
[2024-10-15T11:32:17.882+0000] {task_command.py:467} INFO - Running <TaskInstance: news_scraping_pipeline.scrape_task manual__2024-10-15T11:31:58.972429+00:00 [running]> on host fc72558e83d6
[2024-10-15T11:32:18.288+0000] {taskinstance.py:3131} INFO - Exporting env vars: AIRFLOW_CTX_DAG_OWNER='***' AIRFLOW_CTX_DAG_ID='news_scraping_pipeline' AIRFLOW_CTX_TASK_ID='scrape_task' AIRFLOW_CTX_EXECUTION_DATE='2024-10-15T11:31:58.972429+00:00' AIRFLOW_CTX_TRY_NUMBER='1' AIRFLOW_CTX_DAG_RUN_ID='manual__2024-10-15T11:31:58.972429+00:00'
[2024-10-15T11:32:18.293+0000] {logging_mixin.py:190} INFO - Task instance is in running state
[2024-10-15T11:32:18.294+0000] {logging_mixin.py:190} INFO -  Previous state of the Task instance: queued
[2024-10-15T11:32:18.295+0000] {logging_mixin.py:190} INFO - Current task name:scrape_task state:running start_date:2024-10-15 11:32:17.704078+00:00
[2024-10-15T11:32:18.296+0000] {logging_mixin.py:190} INFO - Dag name:news_scraping_pipeline and current dag run status:running
[2024-10-15T11:32:18.297+0000] {taskinstance.py:731} INFO - ::endgroup::
[2024-10-15T11:32:18.300+0000] {logging_mixin.py:190} INFO - Scraped 2 articles.
[2024-10-15T11:32:18.301+0000] {python.py:240} INFO - Done. Returned value was: [{'title': 'Article 1', 'link': 'link1'}, {'title': 'Article 2', 'link': 'link2'}]
[2024-10-15T11:32:18.336+0000] {taskinstance.py:340} INFO - ::group::Post task execution logs
[2024-10-15T11:32:18.337+0000] {taskinstance.py:352} INFO - Marking task as SUCCESS. dag_id=news_scraping_pipeline, task_id=scrape_task, run_id=manual__2024-10-15T11:31:58.972429+00:00, execution_date=20241015T113158, start_date=20241015T113217, end_date=20241015T113218
[2024-10-15T11:32:18.352+0000] {logging_mixin.py:190} INFO - Task instance in success state
[2024-10-15T11:32:18.353+0000] {logging_mixin.py:190} INFO -  Previous state of the Task instance: running
[2024-10-15T11:32:18.354+0000] {logging_mixin.py:190} INFO - Dag name:news_scraping_pipeline queued_at:2024-10-15 11:31:59.075694+00:00
[2024-10-15T11:32:18.355+0000] {logging_mixin.py:190} INFO - Task hostname:fc72558e83d6 operator:PythonOperator
[2024-10-15T11:32:18.377+0000] {local_task_job_runner.py:266} INFO - Task exited with return code 0
[2024-10-15T11:32:18.422+0000] {taskinstance.py:3900} INFO - 1 downstream tasks scheduled from follow-on schedule check
[2024-10-15T11:32:18.425+0000] {local_task_job_runner.py:245} INFO - ::endgroup::
