[2024-10-15T12:28:40.058+0000] {local_task_job_runner.py:123} INFO - ::group::Pre task execution logs
[2024-10-15T12:28:40.119+0000] {taskinstance.py:2612} INFO - Dependencies all met for dep_context=non-requeueable deps ti=<TaskInstance: news_scraping_pipeline.scrape_task manual__2024-10-15T12:28:30.462003+00:00 [queued]>
[2024-10-15T12:28:40.177+0000] {taskinstance.py:2612} INFO - Dependencies all met for dep_context=requeueable deps ti=<TaskInstance: news_scraping_pipeline.scrape_task manual__2024-10-15T12:28:30.462003+00:00 [queued]>
[2024-10-15T12:28:40.178+0000] {taskinstance.py:2865} INFO - Starting attempt 1 of 2
[2024-10-15T12:28:40.221+0000] {taskinstance.py:2888} INFO - Executing <Task(PythonOperator): scrape_task> on 2024-10-15 12:28:30.462003+00:00
[2024-10-15T12:28:40.252+0000] {warnings.py:112} WARNING - /home/***/.local/lib/python3.12/site-packages/***/task/task_runner/standard_task_runner.py:70: DeprecationWarning: This process (pid=311) is multi-threaded, use of fork() may lead to deadlocks in the child.
  pid = os.fork()

[2024-10-15T12:28:40.254+0000] {standard_task_runner.py:104} INFO - Running: ['***', 'tasks', 'run', 'news_scraping_pipeline', 'scrape_task', 'manual__2024-10-15T12:28:30.462003+00:00', '--job-id', '49', '--raw', '--subdir', 'DAGS_FOLDER/news_scraping_pipeline.py', '--cfg-path', '/tmp/tmpu228_m27']
[2024-10-15T12:28:40.257+0000] {standard_task_runner.py:72} INFO - Started process 313 to run task
[2024-10-15T12:28:40.262+0000] {standard_task_runner.py:105} INFO - Job 49: Subtask scrape_task
[2024-10-15T12:28:40.374+0000] {task_command.py:467} INFO - Running <TaskInstance: news_scraping_pipeline.scrape_task manual__2024-10-15T12:28:30.462003+00:00 [running]> on host 81639b321f8c
[2024-10-15T12:28:40.675+0000] {taskinstance.py:3131} INFO - Exporting env vars: AIRFLOW_CTX_DAG_OWNER='***' AIRFLOW_CTX_DAG_ID='news_scraping_pipeline' AIRFLOW_CTX_TASK_ID='scrape_task' AIRFLOW_CTX_EXECUTION_DATE='2024-10-15T12:28:30.462003+00:00' AIRFLOW_CTX_TRY_NUMBER='1' AIRFLOW_CTX_DAG_RUN_ID='manual__2024-10-15T12:28:30.462003+00:00'
[2024-10-15T12:28:40.680+0000] {logging_mixin.py:190} INFO - Task instance is in running state
[2024-10-15T12:28:40.686+0000] {logging_mixin.py:190} INFO -  Previous state of the Task instance: queued
[2024-10-15T12:28:40.689+0000] {logging_mixin.py:190} INFO - Current task name:scrape_task state:running start_date:2024-10-15 12:28:40.120746+00:00
[2024-10-15T12:28:40.690+0000] {logging_mixin.py:190} INFO - Dag name:news_scraping_pipeline and current dag run status:running
[2024-10-15T12:28:40.691+0000] {taskinstance.py:731} INFO - ::endgroup::
[2024-10-15T12:28:46.463+0000] {logging_mixin.py:190} INFO - Scraped 0 articles.
[2024-10-15T12:28:46.471+0000] {python.py:240} INFO - Done. Returned value was: []
[2024-10-15T12:28:46.714+0000] {taskinstance.py:340} INFO - ::group::Post task execution logs
[2024-10-15T12:28:46.716+0000] {taskinstance.py:352} INFO - Marking task as SUCCESS. dag_id=news_scraping_pipeline, task_id=scrape_task, run_id=manual__2024-10-15T12:28:30.462003+00:00, execution_date=20241015T122830, start_date=20241015T122840, end_date=20241015T122846
[2024-10-15T12:28:46.855+0000] {logging_mixin.py:190} INFO - Task instance in success state
[2024-10-15T12:28:46.858+0000] {logging_mixin.py:190} INFO -  Previous state of the Task instance: running
[2024-10-15T12:28:46.863+0000] {logging_mixin.py:190} INFO - Dag name:news_scraping_pipeline queued_at:2024-10-15 12:28:30.506583+00:00
[2024-10-15T12:28:46.866+0000] {logging_mixin.py:190} INFO - Task hostname:81639b321f8c operator:PythonOperator
[2024-10-15T12:28:47.046+0000] {local_task_job_runner.py:266} INFO - Task exited with return code 0
[2024-10-15T12:28:47.213+0000] {taskinstance.py:3900} INFO - 0 downstream tasks scheduled from follow-on schedule check
[2024-10-15T12:28:47.238+0000] {local_task_job_runner.py:245} INFO - ::endgroup::
